<?xml version="1.0" encoding="UTF-8"?>
<testng-results skipped="0" failed="0" ignored="0" total="1" passed="1">
  <reporter-output>
  </reporter-output>
  <suite name="Default suite" duration-ms="30952" started-at="2022-09-29T07:30:41Z" finished-at="2022-09-29T07:31:12Z">
    <groups>
    </groups>
    <test name="Default test" duration-ms="30952" started-at="2022-09-29T07:30:41Z" finished-at="2022-09-29T07:31:12Z">
      <class name="seleniumUseCase.TestCases.LoginPageTest">
        <test-method status="PASS" signature="setUp()[pri:0, instance:seleniumUseCase.TestCases.LoginPageTest@d83da2e]" name="setUp" is-config="true" duration-ms="23024" started-at="2022-09-29T07:30:41Z" finished-at="2022-09-29T07:31:05Z">
          <reporter-output>
          </reporter-output>
        </test-method> <!-- setUp -->
        <test-method status="PASS" signature="loginpageTest()[pri:0, instance:seleniumUseCase.TestCases.LoginPageTest@d83da2e]" name="loginpageTest" duration-ms="7292" started-at="2022-09-29T07:31:05Z" finished-at="2022-09-29T07:31:12Z">
          <reporter-output>
          </reporter-output>
        </test-method> <!-- loginpageTest -->
        <test-method status="PASS" signature="exit()[pri:0, instance:seleniumUseCase.TestCases.LoginPageTest@d83da2e]" name="exit" is-config="true" duration-ms="582" started-at="2022-09-29T07:31:12Z" finished-at="2022-09-29T07:31:12Z">
          <reporter-output>
          </reporter-output>
        </test-method> <!-- exit -->
      </class> <!-- seleniumUseCase.TestCases.LoginPageTest -->
    </test> <!-- Default test -->
  </suite> <!-- Default suite -->
</testng-results>
